0 info it worked if it ends with ok
1 verbose cli [ '/home/simon/.nvm/versions/node/v4.3.0/bin/node',
1 verbose cli   '/home/simon/.nvm/versions/node/v4.3.0/bin/npm',
1 verbose cli   'start' ]
2 info using npm@2.14.12
3 info using node@v4.3.0
4 verbose stack Error: ENOENT: no such file or directory, open '/home/simon/MEAN_3_exercises/OurVeryFirstMeanApplication/package.json'
4 verbose stack     at Error (native)
5 verbose cwd /home/simon/MEAN_3_exercises/OurVeryFirstMeanApplication
6 error Linux 3.19.0-51-generic
7 error argv "/home/simon/.nvm/versions/node/v4.3.0/bin/node" "/home/simon/.nvm/versions/node/v4.3.0/bin/npm" "start"
8 error node v4.3.0
9 error npm  v2.14.12
10 error path /home/simon/MEAN_3_exercises/OurVeryFirstMeanApplication/package.json
11 error code ENOENT
12 error errno -2
13 error syscall open
14 error enoent ENOENT: no such file or directory, open '/home/simon/MEAN_3_exercises/OurVeryFirstMeanApplication/package.json'
14 error enoent This is most likely not a problem with npm itself
14 error enoent and is related to npm not being able to find a file.
15 verbose exit [ -2, true ]
